    0.4573157607   -0.0083733499   -0.0145170416   -0.2567996881
    0.0128778851    0.0223063044   -0.0584411154   -0.0671602723
   -0.0002329114   -0.0698865267    0.0393100505    0.0680866714
   -0.0584397025    0.0333749725   -0.0582723605   -0.0137487280
   -0.0100292859   -0.0173706622
   -0.0083733396    0.5761147854    0.0137863659   -0.0131096232
   -0.0586944121   -0.0121599852   -0.0668317710   -0.2954757903
   -0.0009085099    0.0352829619   -0.1120804934   -0.1071292880
    0.0335924491   -0.1103570168    0.1058405381    0.0194393228
    0.0004929273    0.0005708792
   -0.0145170404    0.0137863750    0.5920100549   -0.0227040867
   -0.0121603333   -0.0727346900    0.0002077817   -0.0010305622
   -0.0497709658    0.0611115681   -0.1071294110   -0.2357799945
   -0.0577675951    0.1059626575   -0.2348765812    0.0336693725
    0.0005712740    0.0011521766
   -0.2567996862   -0.0131096192   -0.0227040864    0.4153853037
   -0.0566976886   -0.0982033921   -0.0348704642   -0.0119856228
   -0.0002276408   -0.0221397433    0.0031445889    0.0054467862
   -0.0348721559    0.0057957781   -0.0104942461   -0.0667032541
    0.0728525636    0.1261825792
    0.0128778817   -0.0586944122   -0.0121603283   -0.0566976816
    0.1612770962    0.2112272153   -0.0387042662    0.0060107032
   -0.0014447282    0.0199055395    0.0023993578    0.0015434938
    0.0194156161    0.0045576612   -0.0004560376    0.0432029104
   -0.1155504063   -0.1987096151
    0.0223063026   -0.0121599901   -0.0727346900   -0.0982033983
    0.2112272208    0.4051729868    0.0000732518    0.0003829748
    0.0034599510    0.0344773922    0.0015435718    0.0041815133
   -0.0334825848   -0.0022837219    0.0049131468    0.0748290365
   -0.1987100554   -0.3449929078
   -0.0584411156   -0.0668317649    0.0002077816   -0.0348704641
   -0.0387042660    0.0000732512    0.0862164791    0.0869687243
    0.0011653018    0.0026399358    0.0093642033   -0.0002394886
    0.0024391791    0.0082399045    0.0000284435    0.0020159857
    0.0009631987   -0.0012352895
   -0.0671602786   -0.2954757904   -0.0010305608   -0.0119856228
    0.0060107031    0.0003829753    0.0869687303    0.3051993655
    0.0010117925   -0.0042227794   -0.0080424232    0.0044717259
   -0.0040951662   -0.0092668716   -0.0042715740    0.0004951168
    0.0015750165   -0.0005643589
   -0.0002329113   -0.0009085114   -0.0497709660   -0.0002276406
   -0.0014447287    0.0034599510    0.0011653014    0.0010117945
    0.0409302415   -0.0076315714   -0.0236902795    0.0028019038
    0.0071499715    0.0244002226    0.0023542813   -0.0002231496
    0.0006315023    0.0002245883
   -0.0698865269    0.0352829626    0.0611115706   -0.0221397432
    0.0199055398    0.0344773921    0.0026399358   -0.0042227796
   -0.0076315713    0.0917021399   -0.0466908301   -0.0808705007
    0.0026399378   -0.0044977051   -0.0074729351   -0.0049557435
    0.0002228124    0.0003860443
    0.0393100496   -0.1120804939   -0.1071294102    0.0031445887
    0.0023993578    0.0015435720    0.0093642035   -0.0080424232
   -0.0236902793   -0.0466908292    0.1082663747    0.1151258534
   -0.0048893895    0.0084126387    0.0139722051   -0.0002386231
    0.0010445459    0.0001780590
    0.0680866690   -0.1071292882   -0.2357799946    0.0054467861
    0.0015434937    0.0041815132   -0.0002394888    0.0044717258
    0.0028019038   -0.0808704980    0.1151258544    0.2412001390
    0.0079897982   -0.0141898587   -0.0136536918   -0.0004132666
    0.0001780730    0.0012501304
   -0.0584397027    0.0335924494   -0.0577675983   -0.0348721560
    0.0194156161   -0.0334825852    0.0024391791   -0.0040951662
    0.0071499715    0.0026399378   -0.0048893898    0.0079897983
    0.0862167856   -0.0424721265    0.0758938630    0.0020159563
   -0.0015513830    0.0002165508
    0.0333749724   -0.1103570171    0.1059626571    0.0057957782
    0.0045576613   -0.0022837223    0.0082399045   -0.0092668716
    0.0244002226   -0.0044977048    0.0084126387   -0.0141898588
   -0.0424721266    0.1061204729   -0.1139192463   -0.0004408237
    0.0005331159    0.0000299476
   -0.0582723576    0.1058405351   -0.2348765813   -0.0104942458
   -0.0004560371    0.0049131468    0.0000284435   -0.0042715741
    0.0023542813   -0.0074729351    0.0139722052   -0.0136536918
    0.0758938594   -0.1139192471    0.2399963613    0.0003172356
   -0.0011658820    0.0012664838
   -0.0137487280    0.0194393227    0.0336693726   -0.0667032541
    0.0432029134    0.0748290307    0.0020159856    0.0004951167
   -0.0002231496   -0.0049557435   -0.0002386231   -0.0004132667
    0.0020159562   -0.0004408238    0.0003172356    0.0813757837
   -0.0624579060   -0.1081792227
   -0.0100292858    0.0004929273    0.0005712737    0.0728525607
   -0.1155504063   -0.1987100551    0.0009631988    0.0015750165
    0.0006315024    0.0002228124    0.0010445459    0.0001780730
   -0.0015513830    0.0005331159   -0.0011658820   -0.0624579030
    0.1119048008    0.1984950881
   -0.0173706624    0.0005708796    0.0011521766    0.1261825851
   -0.1987096153   -0.3449929078   -0.0012352895   -0.0005643589
    0.0002245883    0.0003860444    0.0001780590    0.0012501305
    0.0002165507    0.0000299477    0.0012664838   -0.1081792283
    0.1984950879    0.3410995287
